# JRE version: OpenJDK Runtime Environment (11.0.10) (build 11.0.10+0-b96-7249189)
# Java VM: OpenJDK 64-Bit Server VM (11.0.10+0-b96-7249189, mixed mode, tiered, compressed oops, g1 gc, windows-amd64)
Heap:
 garbage-first heap   total 598016K, used 356231K [0x0000000080000000, 0x0000000100000000)
  region size 1024K, 3 young (3072K), 3 survivors (3072K)
 Metaspace       used 151824K, capacity 156770K, committed 157056K, reserved 1185792K
  class space    used 18995K, capacity 20805K, committed 20864K, reserved 1048576K
GC Heap History (20 events):
Event: 5528.053 GC heap after
{Heap after GC invocations=66 (full 0):
 garbage-first heap   total 354304K, used 292363K [0x0000000080000000, 0x0000000100000000)
  region size 1024K, 3 young (3072K), 3 survivors (3072K)
 Metaspace       used 150487K, capacity 155436K, committed 155648K, reserved 1183744K
  class space    used 18851K, capacity 20664K, committed 20736K, reserved 1048576K
}
Event: 5528.128 GC heap before
{Heap before GC invocations=66 (full 0):
 garbage-first heap   total 354304K, used 310795K [0x0000000080000000, 0x0000000100000000)
  region size 1024K, 22 young (22528K), 3 survivors (3072K)
 Metaspace       used 150592K, capacity 155564K, committed 155648K, reserved 1183744K
  class space    used 18851K, capacity 20664K, committed 20736K, reserved 1048576K
}
Event: 5528.130 GC heap after
{Heap after GC invocations=67 (full 0):
 garbage-first heap   total 354304K, used 292246K [0x0000000080000000, 0x0000000100000000)
  region size 1024K, 1 young (1024K), 1 survivors (1024K)
 Metaspace       used 150592K, capacity 155564K, committed 155648K, reserved 1183744K
  class space    used 18851K, capacity 20664K, committed 20736K, reserved 1048576K
}
Event: 5528.581 GC heap before
{Heap before GC invocations=67 (full 0):
 garbage-first heap   total 354304K, used 310678K [0x0000000080000000, 0x0000000100000000)
  region size 1024K, 20 young (20480K), 1 survivors (1024K)
 Metaspace       used 151401K, capacity 156364K, committed 156544K, reserved 1185792K
  class space    used 18940K, capacity 20737K, committed 20864K, reserved 1048576K
}
Event: 5528.586 GC heap after
{Heap after GC invocations=68 (full 0):
 garbage-first heap   total 354304K, used 292521K [0x0000000080000000, 0x0000000100000000)
  region size 1024K, 2 young (2048K), 2 survivors (2048K)
 Metaspace       used 151401K, capacity 156364K, committed 156544K, reserved 1185792K
  class space    used 18940K, capacity 20737K, committed 20864K, reserved 1048576K
}
Event: 5528.712 GC heap before
{Heap before GC invocations=68 (full 0):
 garbage-first heap   total 354304K, used 310953K [0x0000000080000000, 0x0000000100000000)
  region size 1024K, 21 young (21504K), 2 survivors (2048K)
 Metaspace       used 151505K, capacity 156484K, committed 156800K, reserved 1185792K
  class space    used 18957K, capacity 20776K, committed 20864K, reserved 1048576K
}
Event: 5528.715 GC heap after
{Heap after GC invocations=69 (full 0):
 garbage-first heap   total 354304K, used 294153K [0x0000000080000000, 0x0000000100000000)
  region size 1024K, 3 young (3072K), 3 survivors (3072K)
 Metaspace       used 151505K, capacity 156484K, committed 156800K, reserved 1185792K
  class space    used 18957K, capacity 20776K, committed 20864K, reserved 1048576K
}
Event: 5528.759 GC heap before
{Heap before GC invocations=69 (full 0):
 garbage-first heap   total 354304K, used 313609K [0x0000000080000000, 0x0000000100000000)
  region size 1024K, 21 young (21504K), 3 survivors (3072K)
 Metaspace       used 151524K, capacity 156499K, committed 156800K, reserved 1185792K
  class space    used 18960K, capacity 20781K, committed 20864K, reserved 1048576K
}
Event: 5528.764 GC heap after
{Heap after GC invocations=70 (full 0):
 garbage-first heap   total 354304K, used 297388K [0x0000000080000000, 0x0000000100000000)
  region size 1024K, 2 young (2048K), 2 survivors (2048K)
 Metaspace       used 151524K, capacity 156499K, committed 156800K, reserved 1185792K
  class space    used 18960K, capacity 20781K, committed 20864K, reserved 1048576K
}
Event: 5528.812 GC heap before
{Heap before GC invocations=70 (full 0):
 garbage-first heap   total 354304K, used 312748K [0x0000000080000000, 0x0000000100000000)
  region size 1024K, 18 young (18432K), 2 survivors (2048K)
 Metaspace       used 151549K, capacity 156503K, committed 156800K, reserved 1185792K
  class space    used 18960K, capacity 20781K, committed 20864K, reserved 1048576K
}
Event: 5528.815 GC heap after
{Heap after GC invocations=71 (full 0):
 garbage-first heap   total 354304K, used 300635K [0x0000000080000000, 0x0000000100000000)
  region size 1024K, 3 young (3072K), 3 survivors (3072K)
 Metaspace       used 151549K, capacity 156503K, committed 156800K, reserved 1185792K
  class space    used 18960K, capacity 20781K, committed 20864K, reserved 1048576K
}
Event: 5528.891 GC heap before
{Heap before GC invocations=71 (full 0):
 garbage-first heap   total 354304K, used 314971K [0x0000000080000000, 0x0000000100000000)
  region size 1024K, 17 young (17408K), 3 survivors (3072K)
 Metaspace       used 151694K, capacity 156674K, committed 156800K, reserved 1185792K
  class space    used 18982K, capacity 20796K, committed 20864K, reserved 1048576K
}
Event: 5528.896 GC heap after
{Heap after GC invocations=72 (full 0):
 garbage-first heap   total 424960K, used 302531K [0x0000000080000000, 0x0000000100000000)
  region size 1024K, 2 young (2048K), 2 survivors (2048K)
 Metaspace       used 151694K, capacity 156674K, committed 156800K, reserved 1185792K
  class space    used 18982K, capacity 20796K, committed 20864K, reserved 1048576K
}
Event: 5529.041 GC heap before
{Heap before GC invocations=72 (full 0):
 garbage-first heap   total 424960K, used 356803K [0x0000000080000000, 0x0000000100000000)
  region size 1024K, 39 young (39936K), 2 survivors (2048K)
 Metaspace       used 151817K, capacity 156770K, committed 157056K, reserved 1185792K
  class space    used 18995K, capacity 20805K, committed 20864K, reserved 1048576K
}
Event: 5529.046 GC heap after
{Heap after GC invocations=73 (full 0):
 garbage-first heap   total 424960K, used 320131K [0x0000000080000000, 0x0000000100000000)
  region size 1024K, 5 young (5120K), 5 survivors (5120K)
 Metaspace       used 151817K, capacity 156770K, committed 157056K, reserved 1185792K
  class space    used 18995K, capacity 20805K, committed 20864K, reserved 1048576K
}
Event: 5529.102 GC heap before
{Heap before GC invocations=73 (full 0):
 garbage-first heap   total 424960K, used 349827K [0x0000000080000000, 0x0000000100000000)
  region size 1024K, 35 young (35840K), 5 survivors (5120K)
 Metaspace       used 151822K, capacity 156770K, committed 157056K, reserved 1185792K
  class space    used 18995K, capacity 20805K, committed 20864K, reserved 1048576K
}
Event: 5529.113 GC heap after
{Heap after GC invocations=74 (full 0):
 garbage-first heap   total 424960K, used 333600K [0x0000000080000000, 0x0000000100000000)
  region size 1024K, 5 young (5120K), 5 survivors (5120K)
 Metaspace       used 151822K, capacity 156770K, committed 157056K, reserved 1185792K
  class space    used 18995K, capacity 20805K, committed 20864K, reserved 1048576K
}
Event: 5529.147 GC heap before
{Heap before GC invocations=74 (full 0):
 garbage-first heap   total 424960K, used 357152K [0x0000000080000000, 0x0000000100000000)
  region size 1024K, 28 young (28672K), 5 survivors (5120K)
 Metaspace       used 151822K, capacity 156770K, committed 157056K, reserved 1185792K
  class space    used 18995K, capacity 20805K, committed 20864K, reserved 1048576K
}
Event: 5529.157 GC heap after
{Heap after GC invocations=75 (full 0):
 garbage-first heap   total 424960K, used 346659K [0x0000000080000000, 0x0000000100000000)
  region size 1024K, 4 young (4096K), 4 survivors (4096K)
 Metaspace       used 151822K, capacity 156770K, committed 157056K, reserved 1185792K
  class space    used 18995K, capacity 20805K, committed 20864K, reserved 1048576K
}
Event: 5529.187 GC heap before
{Heap before GC invocations=75 (full 0):
 garbage-first heap   total 424960K, used 363043K [0x0000000080000000, 0x0000000100000000)
  region size 1024K, 20 young (20480K), 4 survivors (4096K)
 Metaspace       used 151824K, capacity 156770K, committed 157056K, reserved 1185792K
  class space    used 18995K, capacity 20805K, committed 20864K, reserved 1048576K
}

